    1  00  40      IN 0
    2  01  18  19  STOR a,A
    3  03  41      IN 1
    4  04  18  1a  STOR a,B
    5  06  42      IN 2
    6  07  18  1b  STOR a,C
    7  09  43      IN 3
    8  0a  18  1c  STOR a,D
    9  0c  11  1a  LOAD b,B
   10  0e  71  1b  SBM b,C
   11  10  88  1c  MUM a,D
   12  12  88  1c  MUM a,D
   13  14  59  19  ADM b,A
   14  16  38      XCHG
   15  17  4c      OUT 4
   16  18  f8      STOP
   17  19  00      A:.DS 1
   18  1a  00      B:.DS 1
   19  1b  00      C:.DS 1
   20  1c  00      D:.DS 1

    ***** Таблица перекрестных ссылок *****
  имя     определение     ссылки

 D        1c              13  11  b                                            
 C        1b              f   8                                                
 B        1a              d   5                                                
 A        19              15  2                                                

  **** Не обнаружено ошибок. Успешное завершение ****

