    1  00  00      .BASE B
    2  00  31  00  START: MVI b,START
    3  02  40      IN 0
    4  03  1c  60  STOR a,A
    5  05  41      IN 1
    6  06  1c  61  STOR a,B
    7  08  42      IN 2
    8  09  1c  62  STOR a,C
    9  0b  43      IN 3
   10  0c  1c  63  STOR a,D
   11  0e  21      PUSH b
   12  0f  20      PUSH a
   13  10  14  61  LOAD a,B
   14  12  74  62  SBM a,C
   15  14  38      XCHG
   16  15  8c  81  MUM a,1(sp)
   17  17  8c  81  MUM a,1(sp)
   18  19  38      XCHG
   19  1a  29      pop b
   20  1b  29      pop b
   21  1c  5c  60  ADM a,A
   22  1e  4c      OUT 4
   23  1f  f8      STOP
   24  20  00      A:.DS 1
   25  21  00      B:.DS 1
   26  22  00      C:.DS 1
   27  23  00      D:.DS 1

    ***** Таблица перекрестных ссылок *****
  имя     определение     ссылки

 START    0               1                                                    
 D        23              d                                                    
 C        22              13  a                                                
 B        21              11  7                                                
 A        20              1d  4                                                

  **** Не обнаружено ошибок. Успешное завершение ****

